=================  iRecord v1.0 - Tue Jan 24 18:14:05 IST 2017 ==================
18:14:05	Attempting connection to MS Access DB
18:14:05	DB File: C:\Users\nisan\Documents\Git\iRecord2\sources\iRecord.accdb
18:14:08	Successfully connected to MS Access DB.
18:14:08	Opening Login Window through iWindow
18:14:11	Submitted
18:14:11	User: admin Password: 1111
18:14:11	Attempting login using admin/1111
Date: 2017-01-11
18:14:11	Artist logged in
18:14:11	Initiating main UI
Importing XML from HIA System - Artist admin
Aquired session - Timestamp: 1484085600000 Date: 10 Jan 2017 22:00:00 GMT
Converted date: 2017-01-11 00:00:00.0
Aquired session - Timestamp: 1483048800000 Date: 29 Dec 2016 22:00:00 GMT
Converted date: 2016-12-30 00:00:00.0
Received date from XML: 10 Jan 2017 22:00:00 GMT
Received date from XML: 29 Dec 2016 22:00:00 GMT
Date Error
StartTimeSpinner: Thu Jan 01 15:00:00 IST 1970 
EndTimeSpinner: Thu Jan 01 17:00:00 IST 1970
Date Chosen: Tue Jan 03 00:00:00 IST 2017
SQL Start Date: 2017-01-03 Day: 2
Start date: Tue Jan 03 15:00:00 IST 2017End date: Tue Jan 03 17:00:00 IST 2017
Testing Data:::::
Before
Studio#1
	Room#1
	Room#2
	Room#3
	Room#4
	Room#5
Studio#2
	Room#1
	Room#2
	Room#3
Studio#3
	Room#1
	Room#2
	Room#3
Studio#4
	Room#1
	Room#2
	Room#3
Studio#5
	Room#1
	Room#2
	Room#3
After
Studio#1
	Room#1
	Room#2
	Room#3
	Room#4
	Room#5
Studio#2
	Room#1
	Room#2
	Room#3
Studio#3
	Room#1
	Room#2
	Room#3
Studio#4
	Room#1
	Room#2
	Room#3
Studio#5
	Room#1
	Room#2
	Room#3
Studio Cleanup:
Studio#1
	Room#1
	Room#2
	Room#3
	Room#4
	Room#5
Studio#2
	Room#1
	Room#2
	Room#3
Studio#3
	Room#1
	Room#2
	Room#3
Studio#4
	Room#1
	Room#2
	Room#3
Studio#5
	Room#1
	Room#2
	Room#3
HighB
WTF
WTF
WTF
WTF
WTF
HighB
WTF
WTF
WTF
WTF
WTF
Number of rows: 5
Room: #1 Selected: true
Room: #2 Selected: true
Getting SMMap for studio HighB
Added Soundman FL004 to SMMap
Added Soundman FL003 to SMMap
Added Soundman FL002 to SMMap
MaliyahN
RubyC
amirao
Session Start Date: Tue Jan 03 15:00:00 IST 2017 EndDate: Tue Jan 03 17:00:00 IST 2017
Added Soundman MaliyahN to table
Added Soundman RubyC to table
Added Soundman amirao to table
Exception in thread "AWT-EventQueue-0" java.lang.ClassCastException: java.lang.Integer cannot be cast to java.lang.Boolean
	at javax.swing.JTable$BooleanRenderer.getTableCellRendererComponent(JTable.java:5401)
	at javax.swing.JTable.prepareRenderer(JTable.java:5723)
	at gui.internal.frmCreateSession$9.prepareRenderer(frmCreateSession.java:405)
	at javax.swing.plaf.basic.BasicTableUI.paintCell(BasicTableUI.java:2114)
	at javax.swing.plaf.basic.BasicTableUI.paintCells(BasicTableUI.java:2016)
	at javax.swing.plaf.basic.BasicTableUI.paint(BasicTableUI.java:1812)
	at javax.swing.plaf.ComponentUI.update(ComponentUI.java:161)
	at javax.swing.JComponent.paintComponent(JComponent.java:780)
	at javax.swing.JComponent.paint(JComponent.java:1056)
	at javax.swing.JComponent.paintChildren(JComponent.java:889)
	at javax.swing.JComponent.paint(JComponent.java:1065)
	at javax.swing.JViewport.paint(JViewport.java:728)
	at javax.swing.JComponent.paintChildren(JComponent.java:889)
	at javax.swing.JComponent.paint(JComponent.java:1065)
	at javax.swing.JComponent.paintChildren(JComponent.java:889)
	at javax.swing.JComponent.paint(JComponent.java:1065)
	at javax.swing.JComponent.paintChildren(JComponent.java:889)
	at javax.swing.JComponent.paint(JComponent.java:1065)
	at javax.swing.JComponent.paintChildren(JComponent.java:889)
	at javax.swing.JComponent.paint(JComponent.java:1065)
	at javax.swing.JLayeredPane.paint(JLayeredPane.java:586)
	at javax.swing.JComponent.paintChildren(JComponent.java:889)
	at javax.swing.JComponent.paint(JComponent.java:1065)
	at javax.swing.JComponent.paintChildren(JComponent.java:889)
	at javax.swing.JComponent.paint(JComponent.java:1065)
	at javax.swing.JComponent.paintChildren(JComponent.java:889)
	at javax.swing.JComponent.paint(JComponent.java:1065)
	at javax.swing.JComponent.paintChildren(JComponent.java:889)
	at javax.swing.JComponent.paint(JComponent.java:1065)
	at javax.swing.JComponent.paintToOffscreen(JComponent.java:5210)
	at javax.swing.RepaintManager$PaintManager.paintDoubleBuffered(RepaintManager.java:1579)
	at javax.swing.RepaintManager$PaintManager.paint(RepaintManager.java:1502)
	at javax.swing.RepaintManager.paint(RepaintManager.java:1272)
	at javax.swing.JComponent._paintImmediately(JComponent.java:5158)
	at javax.swing.JComponent.paintImmediately(JComponent.java:4969)
	at javax.swing.RepaintManager$4.run(RepaintManager.java:831)
	at javax.swing.RepaintManager$4.run(RepaintManager.java:814)
	at java.security.AccessController.doPrivileged(Native Method)
	at java.security.ProtectionDomain$JavaSecurityAccessImpl.doIntersectionPrivilege(ProtectionDomain.java:76)
	at javax.swing.RepaintManager.paintDirtyRegions(RepaintManager.java:814)
	at javax.swing.RepaintManager.paintDirtyRegions(RepaintManager.java:789)
	at javax.swing.RepaintManager.prePaintDirtyRegions(RepaintManager.java:738)
	at javax.swing.RepaintManager.access$1200(RepaintManager.java:64)
	at javax.swing.RepaintManager$ProcessingRunnable.run(RepaintManager.java:1732)
	at java.awt.event.InvocationEvent.dispatch(InvocationEvent.java:311)
	at java.awt.EventQueue.dispatchEventImpl(EventQueue.java:756)
	at java.awt.EventQueue.access$500(EventQueue.java:97)
	at java.awt.EventQueue$3.run(EventQueue.java:709)
	at java.awt.EventQueue$3.run(EventQueue.java:703)
	at java.security.AccessController.doPrivileged(Native Method)
	at java.security.ProtectionDomain$JavaSecurityAccessImpl.doIntersectionPrivilege(ProtectionDomain.java:76)
	at java.awt.EventQueue.dispatchEvent(EventQueue.java:726)
	at java.awt.EventDispatchThread.pumpOneEventForFilters(EventDispatchThread.java:201)
	at java.awt.EventDispatchThread.pumpEventsForFilter(EventDispatchThread.java:116)
	at java.awt.EventDispatchThread.pumpEventsForHierarchy(EventDispatchThread.java:105)
	at java.awt.EventDispatchThread.pumpEvents(EventDispatchThread.java:101)
	at java.awt.EventDispatchThread.pumpEvents(EventDispatchThread.java:93)
	at java.awt.EventDispatchThread.run(EventDispatchThread.java:82)
Getting MSMap for studio HighB
----Before Musician Map-----
CAS
RubyC
amirao
----Musician Map-----
CAS
RubyC
amirao
Added Musician CAS to table
Added Musician RubyC to table
Added Musician amirao to table
Adding session #20
18:15:08	Sending UPDATE Query: INSERT INTO Session (ArtistID, sessionStartDate, sessionEndDate) VALUES ("admin", "2017-01-03 15:00:00.0", "2017-01-03 17:00:00.0")
18:15:08	Sending UPDATE Query: INSERT INTO SessionInRoom VALUES (20, 1, 1)
18:15:08	Sending UPDATE Query: INSERT INTO SessionInRoom VALUES (20, 2, 1)
18:15:08	Sending UPDATE Query: INSERT INTO MusicianToRoom VALUES ("FL006", 20, 2, 1)
18:15:08	Sending UPDATE Query: INSERT INTO MusicianToRoom VALUES ("FL004", 20, 1, 1)
