=================  iRecord v1.0 - Thu Feb 16 22:05:43 IST 2017 ==================
22:05:43	Attempting connection to MS Access DB
22:05:43	DB File: C:\Users\micke\Documents\NetBeansProjects\iRECORD\iRecord\sources\iRecord.accdb
22:05:44	Successfully connected to MS Access DB.
22:05:44	Opening Login Window through iWindow
22:05:45	Submitted
22:05:45	User: admin Password: 1111
22:05:45	Attempting login using admin/1111
Date: 2017-01-11
22:05:45	Artist logged in
22:05:45	Initiating main UI
Importing XML from HIA System - Artist admin
Aquired session - Timestamp: 1484085600000 Date: 10 Jan 2017 22:00:00 GMT
Converted date: 2017-01-11 00:00:00.0
Aquired session - Timestamp: 1483048800000 Date: 29 Dec 2016 22:00:00 GMT
Converted date: 2016-12-30 00:00:00.0
Received date from XML: 10 Jan 2017 22:00:00 GMT
Received date from XML: 29 Dec 2016 22:00:00 GMT
Importing XML from HIA System - Artist admin
Aquired session - Timestamp: 1484085600000 Date: 10 Jan 2017 22:00:00 GMT
Converted date: 2017-01-11 00:00:00.0
Aquired session - Timestamp: 1483048800000 Date: 29 Dec 2016 22:00:00 GMT
Converted date: 2016-12-30 00:00:00.0
Received date from XML: 10 Jan 2017 22:00:00 GMT
Received date from XML: 29 Dec 2016 22:00:00 GMT
Date Error
StartTimeSpinner: Thu Jan 01 15:00:00 IST 1970 
EndTimeSpinner: Thu Jan 01 17:00:00 IST 1970
Date Chosen: Mon Feb 20 00:00:00 IST 2017
Studio#1
	Room#1
	Room#2
	Room#3
	Room#4
	Room#5
Studio#2
	Room#1
	Room#2
	Room#3
Studio#3
	Room#1
	Room#2
	Room#3
Studio#4
	Room#1
	Room#2
	Room#3
Studio#5
	Room#1
	Room#2
	Room#3
After
Studio#1
	Room#1
	Room#2
	Room#3
	Room#4
	Room#5
Studio#2
	Room#1
	Room#2
	Room#3
Studio#3
	Room#1
	Room#2
	Room#3
Studio#4
	Room#1
	Room#2
	Room#3
Studio#5
	Room#1
	Room#2
	Room#3
Studio Cleanup:
Studio#1
	Room#1
	Room#2
	Room#3
	Room#4
	Room#5
Studio#2
	Room#1
	Room#2
	Room#3
Studio#3
	Room#1
	Room#2
	Room#3
Studio#4
	Room#1
	Room#2
	Room#3
Studio#5
	Room#1
	Room#2
	Room#3
HighB
WTF
WTF
WTF
WTF
WTF
HighB
WTF
WTF
WTF
WTF
WTF
Number of rows: 5
Room: #1 Selected: true
Room: #2 Selected: true
Room: #3 Selected: true
Getting SMMap for studio HighB
Added Soundman FL004 to SMMap
Added Soundman FL003 to SMMap
Added Soundman FL002 to SMMap
Added Soundman FL005 to SMMap
amirao
MaliyahN
RubyC
marelyw
Session Start Date: Mon Feb 20 15:00:00 IST 2017 EndDate: Mon Feb 20 17:00:00 IST 2017
Added Soundman marelyw to table
Added Soundman RubyC to table
Added Soundman MaliyahN to table
Added Soundman amirao to table
Price for marelyw
2 * 120.0
Current tmp price: $240.0
Price for MaliyahN
1 * 100.0
Current tmp price: $340.0
Inserting Musician amirao with priority 5
Inserting Musician CAS with priority 3
Inserting Musician RubyC with priority 2
Inserting Musician marelyw with priority 1
marelyw
RubyC
CAS
amirao
marelyw
RubyC
CAS
amirao
Added Musician marelyw to table
Added Musician RubyC to table
Added Musician CAS to table
Added Musician amirao to table
22:07:01	Quitting MuzaMusic
