=================  iRecord v1.0 - Tue Feb 28 19:22:07 IST 2017 ==================
19:22:07	Attempting connection to MS Access DB
19:22:07	DB File: C:\Users\micke\Documents\NetBeansProjects\iRECORD\iRecord\sources\iRecord.accdb
Connecting with: jdbc:ucanaccess://C:\Users\micke\Documents\NetBeansProjects\iRECORD\iRecord\src\sources\iRecord.accdb
19:22:09	Successfully connected to MS Access DB.
19:22:09	Opening Login Window through iWindow
19:22:20	Submitted
19:22:20	User: admin Password: admin
19:22:20	Attempting login using admin/admin
19:22:21	Submitted
19:22:21	User: admin Password: admin
19:22:21	Attempting login using admin/admin
19:22:55	Submitted
19:22:55	User: AR1 Password: admin
19:22:55	Attempting login using AR1/admin
19:22:56	Submitted
19:22:56	User: AR1 Password: admin
19:22:56	Attempting login using AR1/admin
19:22:56	Submitted
19:22:56	User: AR1 Password: admin
19:22:56	Attempting login using AR1/admin
