=================  iRecord v1.0 - Tue Feb 28 21:50:43 IST 2017 ==================
21:50:43	Attempting connection to MS Access DB
21:50:43	DB File: C:\Users\nisan\Documents\Git\iRecordz\sources\iRecord.accdb
Connecting with: jdbc:ucanaccess://C:\Users\nisan\Documents\Git\iRecordz\src\sources\iRecord.accdb
21:50:44	Successfully connected to MS Access DB.
21:50:44	Opening Login Window through iWindow
21:50:46	Submitted
21:50:46	User: admin Password: 1111
21:50:46	Attempting login using admin/1111
21:50:46	Artist logged in
21:50:46	Initiating main UI
Importing XML from HIA System - Artist admin
Date Error
StartTimeSpinner: Thu Jan 01 15:00:00 IST 1970 
EndTimeSpinner: Thu Jan 01 17:00:00 IST 1970
Date Chosen: Thu May 25 00:00:00 IDT 2017
Studio#1
	Room#1
	Room#2
	Room#3
	Room#4
	Room#5
	Room#7
Studio#2
	Room#1
	Room#2
	Room#3
Studio#3
	Room#1
	Room#2
	Room#3
Studio#4
	Room#1
	Room#2
	Room#3
Studio#5
	Room#1
	Room#2
	Room#3
	Room#4
Studio#6
Studio#7
	Room#1
	Room#2
Studio#8
	Room#1
	Room#2
	Room#3
HighB
HighB
Getting SMMap for studio HighB
Added Soundman FL004 to SMMap
Added Soundman FL003 to SMMap
Added Soundman FL4266 to SMMap
Added Soundman FL002 to SMMap
Added Soundman FL005 to SMMap
Added Soundman FL001 to SMMap
Amirao
MaliyahN
BBB
RubyC
Marelyw
KaraH
Session Start Date: Thu May 25 15:00:00 IDT 2017 EndDate: Thu May 25 17:00:00 IDT 2017
Added Soundman KaraH to table
Added Soundman MaliyahN to table
Added Soundman BBB to table
Added Soundman Marelyw to table
Added Soundman Amirao to table
Added Soundman RubyC to table
Price for Amirao
1 * 0.0
Current tmp price: $0.0
KaraH
Marelyw
RubyC
CAS
Amirao
KaraH
Marelyw
RubyC
CAS
Amirao
Checking if soundman exists for musician list: Amirao (FL004)
He is here!
Added Musician FL001 to table
Added Musician FL005 to table
Added Musician FL002 to table
Added Musician FL006 to table
Added Musician FL004 to table
